\BOOKMARK [1][]{section.1}{\376\377\000I\000n\000t\000r\000o\000d\000u\000c\000t\000i\000o\000n}{}% 1
\BOOKMARK [1][]{section.2}{\376\377\000D\000a\000t\000a\000s\000e\000t}{}% 2
\BOOKMARK [1][]{section.3}{\376\377\000M\000e\000t\000h\000o\000d\000s}{}% 3
\BOOKMARK [2][]{subsection.3.1}{\376\377\000I\000.\000\040\000D\000a\000t\000a\000\040\000P\000r\000e\000p\000r\000o\000c\000e\000s\000s\000i\000n\000g}{section.3}% 4
\BOOKMARK [2][]{subsection.3.2}{\376\377\000I\000I\000.\000\040\000U\000n\000s\000u\000p\000e\000r\000v\000i\000s\000e\000d\000\040\000e\000x\000p\000l\000o\000r\000a\000t\000i\000o\000n\000\040\000o\000f\000\040\000t\000h\000e\000\040\000s\000e\000m\000a\000n\000t\000i\000c\000\040\000s\000p\000a\000c\000e}{section.3}% 5
\BOOKMARK [2][]{subsection.3.3}{\376\377\000I\000I\000I\000.\000\040\000S\000u\000p\000e\000r\000v\000i\000s\000e\000d\000\040\000c\000l\000a\000s\000s\000i\000f\000i\000c\000a\000t\000i\000o\000n\000\040\000o\000n\000\040\000t\000h\000e\000\040\000o\000r\000i\000g\000i\000n\000a\000l\000\040\000f\000e\000a\000t\000u\000r\000e\000\040\000s\000p\000a\000c\000e}{section.3}% 6
\BOOKMARK [2][]{subsection.3.4}{\376\377\000I\000V\000.\000\040\000H\000i\000g\000h\000-\000d\000i\000m\000e\000n\000s\000i\000o\000n\000a\000l\000\040\000e\000x\000p\000a\000n\000s\000i\000o\000n\000\040\000a\000n\000d\000\040\000f\000e\000a\000t\000u\000r\000e\000\040\000s\000c\000r\000e\000e\000n\000i\000n\000g}{section.3}% 7
\BOOKMARK [2][]{subsection.3.5}{\376\377\000V\000.\000\040\000A\000l\000t\000e\000r\000n\000a\000t\000i\000v\000e\000\040\000c\000l\000a\000s\000s\000i\000f\000i\000e\000r\000s}{section.3}% 8
\BOOKMARK [2][]{subsection.3.6}{\376\377\000V\000I\000.\000\040\000F\000i\000n\000a\000l\000\040\000m\000o\000d\000e\000l\000\040\000c\000o\000m\000p\000a\000r\000i\000s\000o\000n\000\040\000a\000n\000d\000\040\000i\000n\000t\000e\000r\000p\000r\000e\000t\000a\000t\000i\000o\000n}{section.3}% 9
\BOOKMARK [1][]{section.4}{\376\377\000R\000e\000s\000u\000l\000t\000s}{}% 10
\BOOKMARK [1][]{section.5}{\376\377\000D\000i\000s\000c\000u\000s\000s\000i\000o\000n}{}% 11
\BOOKMARK [1][]{section.6}{\376\377\000C\000o\000n\000c\000l\000u\000s\000i\000o\000n}{}% 12
\BOOKMARK [1][]{section.6}{\376\377\000R\000e\000f\000e\000r\000e\000n\000c\000e\000s}{}% 13
\BOOKMARK [1][]{appendix.A}{\376\377\000O\000r\000i\000g\000i\000n\000a\000l\000\040\000c\000l\000u\000s\000t\000e\000r\000i\000n\000g\000\040\000a\000n\000d\000\040\000b\000i\000c\000l\000u\000s\000t\000e\000r\000i\000n\000g\000\040\000a\000n\000a\000l\000y\000s\000e\000s}{}% 14
\BOOKMARK [1][]{appendix.B}{\376\377\000D\000e\000t\000a\000i\000l\000e\000d\000\040\000e\000x\000p\000l\000a\000n\000a\000t\000i\000o\000n\000\040\000o\000f\000\040\000t\000h\000e\000\040\000P\000y\000t\000h\000o\000n\000\040\000p\000r\000e\000p\000r\000o\000c\000e\000s\000s\000i\000n\000g\000\040\000p\000i\000p\000e\000l\000i\000n\000e}{}% 15
\BOOKMARK [2][]{subsection.B.1}{\376\377\000P\000h\000a\000s\000e\000\040\0001\000.\0001\000:\000\040\000I\000n\000i\000t\000i\000a\000l\000\040\000d\000a\000t\000a\000s\000e\000t\000\040\000c\000l\000e\000a\000n\000i\000n\000g}{appendix.B}% 16
\BOOKMARK [2][]{subsection.B.2}{\376\377\000P\000h\000a\000s\000e\000\040\0001\000.\0002\000:\000\040\000S\000t\000r\000a\000t\000i\000f\000i\000e\000d\000\040\000t\000r\000a\000i\000n\040\023\000t\000e\000s\000t\000\040\000s\000p\000l\000i\000t}{appendix.B}% 17
\BOOKMARK [2][]{subsection.B.3}{\376\377\000P\000h\000a\000s\000e\000\040\0001\000.\0003\000:\000\040\000I\000m\000p\000u\000t\000a\000t\000i\000o\000n\000\040\000a\000n\000d\000\040\000s\000t\000a\000n\000d\000a\000r\000d\000i\000z\000a\000t\000i\000o\000n}{appendix.B}% 18
\BOOKMARK [2][]{subsection.B.4}{\376\377\000O\000v\000e\000r\000a\000l\000l\000\040\000l\000o\000g\000i\000c\000\040\000o\000f\000\040\000t\000h\000e\000\040\000p\000r\000e\000p\000r\000o\000c\000e\000s\000s\000i\000n\000g\000\040\000p\000i\000p\000e\000l\000i\000n\000e}{appendix.B}% 19
\BOOKMARK [1][]{appendix.C}{\376\377\000D\000e\000t\000a\000i\000l\000e\000d\000\040\000e\000x\000p\000l\000a\000n\000a\000t\000i\000o\000n\000\040\000o\000f\000\040\000t\000h\000e\000\040\000P\000y\000t\000h\000o\000n\000\040\000a\000n\000a\000l\000y\000s\000i\000s\000\040\000p\000i\000p\000e\000l\000i\000n\000e}{}% 20
\BOOKMARK [2][]{subsection.C.1}{\376\377\000P\000h\000a\000s\000e\000\040\0002\000:\000\040\000U\000n\000s\000u\000p\000e\000r\000v\000i\000s\000e\000d\000\040\000e\000x\000p\000l\000o\000r\000a\000t\000i\000o\000n\000\040\000o\000f\000\040\000t\000h\000e\000\040\000s\000e\000m\000a\000n\000t\000i\000c\000\040\000s\000p\000a\000c\000e}{appendix.C}% 21
\BOOKMARK [2][]{subsection.C.2}{\376\377\000P\000h\000a\000s\000e\000\040\0003\000.\0001\000:\000\040\000S\000u\000p\000e\000r\000v\000i\000s\000e\000d\000\040\000d\000a\000t\000a\000\040\000l\000o\000a\000d\000i\000n\000g\000\040\000a\000n\000d\000\040\000p\000r\000e\000l\000i\000m\000i\000n\000a\000r\000y\000\040\000c\000h\000e\000c\000k\000s}{appendix.C}% 22
\BOOKMARK [2][]{subsection.C.3}{\376\377\000P\000h\000a\000s\000e\000\040\0003\000.\0002\000:\000\040\000M\000u\000l\000t\000i\000n\000o\000m\000i\000a\000l\000\040\000l\000o\000g\000i\000s\000t\000i\000c\000\040\000b\000a\000s\000e\000l\000i\000n\000e}{appendix.C}% 23
\BOOKMARK [2][]{subsection.C.4}{\376\377\000P\000h\000a\000s\000e\000\040\0003\000.\0003\000:\000\040\000M\000u\000l\000t\000i\000c\000o\000l\000l\000i\000n\000e\000a\000r\000i\000t\000y\000\040\000d\000i\000a\000g\000n\000o\000s\000t\000i\000c\000s}{appendix.C}% 24
\BOOKMARK [2][]{subsection.C.5}{\376\377\000P\000h\000a\000s\000e\000\040\0003\000.\0004\000:\000\040\000F\000e\000a\000t\000u\000r\000e\000\040\000s\000c\000r\000e\000e\000n\000i\000n\000g}{appendix.C}% 25
\BOOKMARK [2][]{subsection.C.6}{\376\377\000P\000h\000a\000s\000e\000\040\0003\000.\0005\000:\000\040\000R\000e\000g\000u\000l\000a\000r\000i\000z\000e\000d\000\040\000m\000u\000l\000t\000i\000n\000o\000m\000i\000a\000l\000\040\000m\000o\000d\000e\000l\000s}{appendix.C}% 26
\BOOKMARK [2][]{subsection.C.7}{\376\377\000P\000h\000a\000s\000e\000\040\0003\000.\0006\000:\000\040\000S\000p\000a\000r\000s\000i\000t\000y\000\040\000a\000n\000a\000l\000y\000s\000i\000s}{appendix.C}% 27
\BOOKMARK [2][]{subsection.C.8}{\376\377\000P\000h\000a\000s\000e\000\040\0003\000.\0007\000:\000\040\000F\000i\000n\000a\000l\000\040\000m\000o\000d\000e\000l\000\040\000e\000v\000a\000l\000u\000a\000t\000i\000o\000n}{appendix.C}% 28
\BOOKMARK [2][]{subsection.C.9}{\376\377\000P\000h\000a\000s\000e\000\040\0003\000-\000e\000x\000t\000r\000a\000:\000\040\000A\000l\000t\000e\000r\000n\000a\000t\000i\000v\000e\000\040\000c\000l\000a\000s\000s\000i\000f\000i\000e\000r\000s}{appendix.C}% 29
\BOOKMARK [2][]{subsection.C.10}{\376\377\000P\000h\000a\000s\000e\000\040\0004\000:\000\040\000S\000u\000p\000e\000r\000v\000i\000s\000e\000d\000\040\000c\000l\000a\000s\000s\000i\000f\000i\000c\000a\000t\000i\000o\000n\000\040\000u\000s\000i\000n\000g\000\040\000c\000l\000u\000s\000t\000e\000r\000i\000n\000g\000\040\000l\000a\000b\000e\000l\000s}{appendix.C}% 30
\BOOKMARK [2][]{subsection.C.11}{\376\377\000O\000v\000e\000r\000a\000l\000l\000\040\000l\000o\000g\000i\000c\000\040\000o\000f\000\040\000t\000h\000e\000\040\000p\000o\000s\000t\000-\000p\000r\000e\000p\000r\000o\000c\000e\000s\000s\000i\000n\000g\000\040\000p\000i\000p\000e\000l\000i\000n\000e}{appendix.C}% 31
\BOOKMARK [2][]{subsection.C.12}{\376\377\000A\000d\000d\000i\000t\000i\000o\000n\000a\000l\000\040\000t\000a\000b\000l\000e\000s\000\040\000a\000n\000d\000\040\000f\000i\000g\000u\000r\000e\000s}{appendix.C}% 32
